2018-04-04 14:16:10.960  INFO 4644 --- [main] e.f.eadmin.eadmin.EadminApplication      : Starting EadminApplication on mvformacion with PID 4644 (C:\Users\formacion\Documents\eadmin\target\classes started by formacion in C:\Users\formacion\Documents\eadmin)
2018-04-04 14:16:10.960  INFO 4644 --- [main] e.f.eadmin.eadmin.EadminApplication      : No active profile set, falling back to default profiles: default
2018-04-04 14:16:11.007  INFO 4644 --- [main] ConfigServletWebServerApplicationContext : Refreshing org.springframework.boot.web.servlet.context.AnnotationConfigServletWebServerApplicationContext@327b636c: startup date [Wed Apr 04 14:16:11 CEST 2018]; root of context hierarchy
2018-04-04 14:16:12.163  INFO 4644 --- [main] o.s.b.w.embedded.tomcat.TomcatWebServer  : Tomcat initialized with port(s): 8080 (http)
2018-04-04 14:16:12.183  INFO 4644 --- [main] o.apache.catalina.core.StandardService   : Starting service [Tomcat]
2018-04-04 14:16:12.183  INFO 4644 --- [main] org.apache.catalina.core.StandardEngine  : Starting Servlet Engine: Apache Tomcat/8.5.28
2018-04-04 14:16:12.199  INFO 4644 --- [localhost-startStop-1] o.a.catalina.core.AprLifecycleListener   : The APR based Apache Tomcat Native library which allows optimal performance in production environments was not found on the java.library.path: [C:\Program Files\Java\jre1.8.0_152\bin;C:\WINDOWS\Sun\Java\bin;C:\WINDOWS\system32;C:\WINDOWS;C:/Program Files/Java/jre1.8.0_152/bin/server;C:/Program Files/Java/jre1.8.0_152/bin;C:/Program Files/Java/jre1.8.0_152/lib/amd64;C:\ProgramData\Oracle\Java\javapath;C:\Oracle\product\11.2.0\client_1\bin;C:\WINDOWS\system32;C:\WINDOWS;C:\WINDOWS\System32\Wbem;C:\WINDOWS\System32\WindowsPowerShell\v1.0\;C:\Program Files\TortoiseSVN\bin;C:\Program Files\Git\cmd;c:\Program Files\Microsoft SQL Server\110\Tools\Binn\;c:\Program Files (x86)\Microsoft SQL Server\110\Tools\Binn\;c:\Program Files\Microsoft SQL Server\110\DTS\Binn\;c:\Program Files (x86)\Microsoft SQL Server\110\Tools\Binn\ManagementStudio\;c:\Program Files (x86)\Microsoft Visual Studio 10.0\Common7\IDE\PrivateAssemblies\;c:\Program Files (x86)\Microsoft SQL Server\110\DTS\Binn\;C:\Users\formacion\AppData\Local\Microsoft\WindowsApps;;C:\Program Files\eclipse\jee-oxygen\eclipse;;.]
2018-04-04 14:16:12.292  INFO 4644 --- [localhost-startStop-1] o.a.c.c.C.[Tomcat].[localhost].[/]       : Initializing Spring embedded WebApplicationContext
2018-04-04 14:16:12.292  INFO 4644 --- [localhost-startStop-1] o.s.web.context.ContextLoader            : Root WebApplicationContext: initialization completed in 1285 ms
2018-04-04 14:16:12.449  INFO 4644 --- [localhost-startStop-1] o.s.b.w.servlet.ServletRegistrationBean  : Servlet dispatcherServlet mapped to [/]
2018-04-04 14:16:12.449  INFO 4644 --- [localhost-startStop-1] o.s.b.w.servlet.FilterRegistrationBean   : Mapping filter: 'characterEncodingFilter' to: [/*]
2018-04-04 14:16:12.449  INFO 4644 --- [localhost-startStop-1] o.s.b.w.servlet.FilterRegistrationBean   : Mapping filter: 'hiddenHttpMethodFilter' to: [/*]
2018-04-04 14:16:12.449  INFO 4644 --- [localhost-startStop-1] o.s.b.w.servlet.FilterRegistrationBean   : Mapping filter: 'httpPutFormContentFilter' to: [/*]
2018-04-04 14:16:12.449  INFO 4644 --- [localhost-startStop-1] o.s.b.w.servlet.FilterRegistrationBean   : Mapping filter: 'requestContextFilter' to: [/*]
2018-04-04 14:16:12.731  INFO 4644 --- [main] s.w.s.m.m.a.RequestMappingHandlerAdapter : Looking for @ControllerAdvice: org.springframework.boot.web.servlet.context.AnnotationConfigServletWebServerApplicationContext@327b636c: startup date [Wed Apr 04 14:16:11 CEST 2018]; root of context hierarchy
2018-04-04 14:16:12.793  INFO 4644 --- [main] s.w.s.m.m.a.RequestMappingHandlerMapping : Mapped "{[/eadmin/documentos/{codigo}],methods=[GET]}" onto public org.springframework.http.ResponseEntity<es.fpdual.eadmin.eadmin.modelo.Documento> es.fpdual.eadmin.eadmin.controlador.EadminControlador.getDocumento(java.lang.Integer)
2018-04-04 14:16:12.793  INFO 4644 --- [main] s.w.s.m.m.a.RequestMappingHandlerMapping : Mapped "{[/eadmin/documentos],methods=[GET]}" onto public org.springframework.http.ResponseEntity<java.util.List<es.fpdual.eadmin.eadmin.modelo.Documento>> es.fpdual.eadmin.eadmin.controlador.EadminControlador.getTodosDocumentos()
2018-04-04 14:16:12.793  INFO 4644 --- [main] s.w.s.m.m.a.RequestMappingHandlerMapping : Mapped "{[/eadmin/documentos/eliminar/{codigo}],methods=[POST]}" onto public org.springframework.http.ResponseEntity<?> es.fpdual.eadmin.eadmin.controlador.EadminControlador.eliminarDocumento(java.lang.Integer)
2018-04-04 14:16:12.793  INFO 4644 --- [main] s.w.s.m.m.a.RequestMappingHandlerMapping : Mapped "{[/error]}" onto public org.springframework.http.ResponseEntity<java.util.Map<java.lang.String, java.lang.Object>> org.springframework.boot.autoconfigure.web.servlet.error.BasicErrorController.error(javax.servlet.http.HttpServletRequest)
2018-04-04 14:16:12.793  INFO 4644 --- [main] s.w.s.m.m.a.RequestMappingHandlerMapping : Mapped "{[/error],produces=[text/html]}" onto public org.springframework.web.servlet.ModelAndView org.springframework.boot.autoconfigure.web.servlet.error.BasicErrorController.errorHtml(javax.servlet.http.HttpServletRequest,javax.servlet.http.HttpServletResponse)
2018-04-04 14:16:12.824  INFO 4644 --- [main] o.s.w.s.handler.SimpleUrlHandlerMapping  : Mapped URL path [/webjars/**] onto handler of type [class org.springframework.web.servlet.resource.ResourceHttpRequestHandler]
2018-04-04 14:16:12.824  INFO 4644 --- [main] o.s.w.s.handler.SimpleUrlHandlerMapping  : Mapped URL path [/**] onto handler of type [class org.springframework.web.servlet.resource.ResourceHttpRequestHandler]
2018-04-04 14:16:12.870  INFO 4644 --- [main] o.s.w.s.handler.SimpleUrlHandlerMapping  : Mapped URL path [/**/favicon.ico] onto handler of type [class org.springframework.web.servlet.resource.ResourceHttpRequestHandler]
2018-04-04 14:16:13.042  INFO 4644 --- [main] o.s.j.e.a.AnnotationMBeanExporter        : Registering beans for JMX exposure on startup
2018-04-04 14:16:13.074  INFO 4644 --- [main] o.s.b.w.embedded.tomcat.TomcatWebServer  : Tomcat started on port(s): 8080 (http) with context path ''
2018-04-04 14:16:13.074  INFO 4644 --- [main] e.f.eadmin.eadmin.EadminApplication      : Started EadminApplication in 2.442 seconds (JVM running for 2.815)
2018-04-04 14:16:13.074  INFO 4644 --- [main] e.f.e.e.r.impl.RepositorioDocumentoImpl  : Entrando al metodo altaDocumento
2018-04-04 14:16:13.074  INFO 4644 --- [main] e.f.e.e.r.impl.RepositorioDocumentoImpl  : El documento con código 1 se ha creado correctamente
2018-04-04 14:16:13.074  INFO 4644 --- [main] e.f.e.e.r.impl.RepositorioDocumentoImpl  : Entrando al metodo altaDocumento
2018-04-04 14:16:13.074  INFO 4644 --- [main] e.f.e.e.r.impl.RepositorioDocumentoImpl  : Entrando al metodo altaDocumento
2018-04-04 14:16:13.074  INFO 4644 --- [main] e.f.e.e.r.impl.RepositorioDocumentoImpl  : El documento con código 2 se ha creado correctamente
2018-04-04 14:16:13.074  INFO 4644 --- [main] e.f.e.e.r.impl.RepositorioDocumentoImpl  : Entrando al metodo altaDocumento
2018-04-04 14:16:13.074  INFO 4644 --- [main] e.f.e.e.r.impl.RepositorioDocumentoImpl  : Entrando al metodo altaDocumento
2018-04-04 14:16:13.074  INFO 4644 --- [main] e.f.e.e.r.impl.RepositorioDocumentoImpl  : El documento con código 3 se ha creado correctamente
2018-04-04 14:16:13.074  INFO 4644 --- [main] e.f.e.e.r.impl.RepositorioDocumentoImpl  : Entrando al metodo altaDocumento
2018-04-04 14:16:13.074  INFO 4644 --- [main] e.f.e.e.r.impl.RepositorioDocumentoImpl  : Entrando al metodo obtenerTodosLosDocumentos
2018-04-04 14:16:13.074  INFO 4644 --- [main] e.f.e.e.r.impl.RepositorioDocumentoImpl  : codigo: 1, nombre: documento1, fechaCreacion: Wed Apr 04 14:16:12 CEST 2018, publico: true, fechaUltimaModificacion: Thu Jan 01 01:00:00 CET 1970, estado: APROBADO
2018-04-04 14:16:13.074  INFO 4644 --- [main] e.f.e.e.r.impl.RepositorioDocumentoImpl  : codigo: 2, nombre: documento2, fechaCreacion: Wed Apr 04 14:16:12 CEST 2018, publico: true, fechaUltimaModificacion: Thu Jan 01 01:00:00 CET 1970, estado: ACTIVO
2018-04-04 14:16:13.074  INFO 4644 --- [main] e.f.e.e.r.impl.RepositorioDocumentoImpl  : codigo: 3, nombre: documento3, fechaCreacion: Wed Apr 04 14:16:12 CEST 2018, publico: true, fechaUltimaModificacion: Thu Jan 01 01:00:00 CET 1970, estado: ELIMINADO
2018-04-04 14:16:13.074  INFO 4644 --- [main] e.f.e.e.r.impl.RepositorioDocumentoImpl  : Saliendo del metodo obtenerTodosLosDocumentos
2018-04-04 14:16:13.074  INFO 4644 --- [main] e.f.eadmin.eadmin.EadminApplication      : Fin Run
2018-04-04 14:17:05.940  INFO 760 --- [main] e.f.eadmin.eadmin.EadminApplication      : Starting EadminApplication on mvformacion with PID 760 (C:\Users\formacion\Documents\eadmin\target\classes started by formacion in C:\Users\formacion\Documents\eadmin)
2018-04-04 14:17:05.940  INFO 760 --- [main] e.f.eadmin.eadmin.EadminApplication      : No active profile set, falling back to default profiles: default
2018-04-04 14:17:06.002  INFO 760 --- [main] ConfigServletWebServerApplicationContext : Refreshing org.springframework.boot.web.servlet.context.AnnotationConfigServletWebServerApplicationContext@55a561cf: startup date [Wed Apr 04 14:17:06 CEST 2018]; root of context hierarchy
2018-04-04 14:17:07.190  INFO 760 --- [main] o.s.b.w.embedded.tomcat.TomcatWebServer  : Tomcat initialized with port(s): 8080 (http)
2018-04-04 14:17:07.211  INFO 760 --- [main] o.apache.catalina.core.StandardService   : Starting service [Tomcat]
2018-04-04 14:17:07.211  INFO 760 --- [main] org.apache.catalina.core.StandardEngine  : Starting Servlet Engine: Apache Tomcat/8.5.28
2018-04-04 14:17:07.227  INFO 760 --- [localhost-startStop-1] o.a.catalina.core.AprLifecycleListener   : The APR based Apache Tomcat Native library which allows optimal performance in production environments was not found on the java.library.path: [C:\Program Files\Java\jre1.8.0_152\bin;C:\WINDOWS\Sun\Java\bin;C:\WINDOWS\system32;C:\WINDOWS;C:/Program Files/Java/jre1.8.0_152/bin/server;C:/Program Files/Java/jre1.8.0_152/bin;C:/Program Files/Java/jre1.8.0_152/lib/amd64;C:\ProgramData\Oracle\Java\javapath;C:\Oracle\product\11.2.0\client_1\bin;C:\WINDOWS\system32;C:\WINDOWS;C:\WINDOWS\System32\Wbem;C:\WINDOWS\System32\WindowsPowerShell\v1.0\;C:\Program Files\TortoiseSVN\bin;C:\Program Files\Git\cmd;c:\Program Files\Microsoft SQL Server\110\Tools\Binn\;c:\Program Files (x86)\Microsoft SQL Server\110\Tools\Binn\;c:\Program Files\Microsoft SQL Server\110\DTS\Binn\;c:\Program Files (x86)\Microsoft SQL Server\110\Tools\Binn\ManagementStudio\;c:\Program Files (x86)\Microsoft Visual Studio 10.0\Common7\IDE\PrivateAssemblies\;c:\Program Files (x86)\Microsoft SQL Server\110\DTS\Binn\;C:\Users\formacion\AppData\Local\Microsoft\WindowsApps;;C:\Program Files\eclipse\jee-oxygen\eclipse;;.]
2018-04-04 14:17:07.320  INFO 760 --- [localhost-startStop-1] o.a.c.c.C.[Tomcat].[localhost].[/]       : Initializing Spring embedded WebApplicationContext
2018-04-04 14:17:07.320  INFO 760 --- [localhost-startStop-1] o.s.web.context.ContextLoader            : Root WebApplicationContext: initialization completed in 1318 ms
2018-04-04 14:17:07.461  INFO 760 --- [localhost-startStop-1] o.s.b.w.servlet.ServletRegistrationBean  : Servlet dispatcherServlet mapped to [/]
2018-04-04 14:17:07.461  INFO 760 --- [localhost-startStop-1] o.s.b.w.servlet.FilterRegistrationBean   : Mapping filter: 'characterEncodingFilter' to: [/*]
2018-04-04 14:17:07.476  INFO 760 --- [localhost-startStop-1] o.s.b.w.servlet.FilterRegistrationBean   : Mapping filter: 'hiddenHttpMethodFilter' to: [/*]
2018-04-04 14:17:07.476  INFO 760 --- [localhost-startStop-1] o.s.b.w.servlet.FilterRegistrationBean   : Mapping filter: 'httpPutFormContentFilter' to: [/*]
2018-04-04 14:17:07.476  INFO 760 --- [localhost-startStop-1] o.s.b.w.servlet.FilterRegistrationBean   : Mapping filter: 'requestContextFilter' to: [/*]
2018-04-04 14:17:07.759  INFO 760 --- [main] s.w.s.m.m.a.RequestMappingHandlerAdapter : Looking for @ControllerAdvice: org.springframework.boot.web.servlet.context.AnnotationConfigServletWebServerApplicationContext@55a561cf: startup date [Wed Apr 04 14:17:06 CEST 2018]; root of context hierarchy
2018-04-04 14:17:07.836  INFO 760 --- [main] s.w.s.m.m.a.RequestMappingHandlerMapping : Mapped "{[/eadmin/documentos],methods=[GET]}" onto public org.springframework.http.ResponseEntity<java.util.List<es.fpdual.eadmin.eadmin.modelo.Documento>> es.fpdual.eadmin.eadmin.controlador.EadminControlador.getTodosDocumentos()
2018-04-04 14:17:07.836  INFO 760 --- [main] s.w.s.m.m.a.RequestMappingHandlerMapping : Mapped "{[/eadmin/documentos/eliminar/{codigo}],methods=[POST]}" onto public org.springframework.http.ResponseEntity<?> es.fpdual.eadmin.eadmin.controlador.EadminControlador.eliminarDocumento(java.lang.Integer)
2018-04-04 14:17:07.836  INFO 760 --- [main] s.w.s.m.m.a.RequestMappingHandlerMapping : Mapped "{[/eadmin/documentos/{codigo}],methods=[GET]}" onto public org.springframework.http.ResponseEntity<es.fpdual.eadmin.eadmin.modelo.Documento> es.fpdual.eadmin.eadmin.controlador.EadminControlador.getDocumento(java.lang.Integer)
2018-04-04 14:17:07.852  INFO 760 --- [main] s.w.s.m.m.a.RequestMappingHandlerMapping : Mapped "{[/error]}" onto public org.springframework.http.ResponseEntity<java.util.Map<java.lang.String, java.lang.Object>> org.springframework.boot.autoconfigure.web.servlet.error.BasicErrorController.error(javax.servlet.http.HttpServletRequest)
2018-04-04 14:17:07.852  INFO 760 --- [main] s.w.s.m.m.a.RequestMappingHandlerMapping : Mapped "{[/error],produces=[text/html]}" onto public org.springframework.web.servlet.ModelAndView org.springframework.boot.autoconfigure.web.servlet.error.BasicErrorController.errorHtml(javax.servlet.http.HttpServletRequest,javax.servlet.http.HttpServletResponse)
2018-04-04 14:17:07.868  INFO 760 --- [main] o.s.w.s.handler.SimpleUrlHandlerMapping  : Mapped URL path [/webjars/**] onto handler of type [class org.springframework.web.servlet.resource.ResourceHttpRequestHandler]
2018-04-04 14:17:07.868  INFO 760 --- [main] o.s.w.s.handler.SimpleUrlHandlerMapping  : Mapped URL path [/**] onto handler of type [class org.springframework.web.servlet.resource.ResourceHttpRequestHandler]
2018-04-04 14:17:07.914  INFO 760 --- [main] o.s.w.s.handler.SimpleUrlHandlerMapping  : Mapped URL path [/**/favicon.ico] onto handler of type [class org.springframework.web.servlet.resource.ResourceHttpRequestHandler]
2018-04-04 14:17:08.070  INFO 760 --- [main] o.s.j.e.a.AnnotationMBeanExporter        : Registering beans for JMX exposure on startup
2018-04-04 14:17:08.101  INFO 760 --- [main] o.s.b.w.embedded.tomcat.TomcatWebServer  : Tomcat started on port(s): 8080 (http) with context path ''
2018-04-04 14:17:08.117  INFO 760 --- [main] e.f.eadmin.eadmin.EadminApplication      : Started EadminApplication in 2.521 seconds (JVM running for 2.922)
2018-04-04 14:17:08.117  INFO 760 --- [main] e.f.e.e.r.impl.RepositorioDocumentoImpl  : Entrando al metodo altaDocumento
2018-04-04 14:17:08.117  INFO 760 --- [main] e.f.e.e.r.impl.RepositorioDocumentoImpl  : El documento con código 1 se ha creado correctamente
2018-04-04 14:17:08.117  INFO 760 --- [main] e.f.e.e.r.impl.RepositorioDocumentoImpl  : Saliendo del metodo altaDocumento
2018-04-04 14:17:08.117  INFO 760 --- [main] e.f.e.e.r.impl.RepositorioDocumentoImpl  : Entrando al metodo altaDocumento
2018-04-04 14:17:08.117  INFO 760 --- [main] e.f.e.e.r.impl.RepositorioDocumentoImpl  : El documento con código 2 se ha creado correctamente
2018-04-04 14:17:08.117  INFO 760 --- [main] e.f.e.e.r.impl.RepositorioDocumentoImpl  : Saliendo del metodo altaDocumento
2018-04-04 14:17:08.117  INFO 760 --- [main] e.f.e.e.r.impl.RepositorioDocumentoImpl  : Entrando al metodo altaDocumento
2018-04-04 14:17:08.117  INFO 760 --- [main] e.f.e.e.r.impl.RepositorioDocumentoImpl  : El documento con código 3 se ha creado correctamente
2018-04-04 14:17:08.117  INFO 760 --- [main] e.f.e.e.r.impl.RepositorioDocumentoImpl  : Saliendo del metodo altaDocumento
2018-04-04 14:17:08.117  INFO 760 --- [main] e.f.e.e.r.impl.RepositorioDocumentoImpl  : Entrando al metodo obtenerTodosLosDocumentos
2018-04-04 14:17:08.117  INFO 760 --- [main] e.f.e.e.r.impl.RepositorioDocumentoImpl  : codigo: 1, nombre: documento1, fechaCreacion: Wed Apr 04 14:17:07 CEST 2018, publico: true, fechaUltimaModificacion: Thu Jan 01 01:00:00 CET 1970, estado: APROBADO
2018-04-04 14:17:08.117  INFO 760 --- [main] e.f.e.e.r.impl.RepositorioDocumentoImpl  : codigo: 2, nombre: documento2, fechaCreacion: Wed Apr 04 14:17:07 CEST 2018, publico: true, fechaUltimaModificacion: Thu Jan 01 01:00:00 CET 1970, estado: ACTIVO
2018-04-04 14:17:08.117  INFO 760 --- [main] e.f.e.e.r.impl.RepositorioDocumentoImpl  : codigo: 3, nombre: documento3, fechaCreacion: Wed Apr 04 14:17:07 CEST 2018, publico: true, fechaUltimaModificacion: Thu Jan 01 01:00:00 CET 1970, estado: ELIMINADO
2018-04-04 14:17:08.117  INFO 760 --- [main] e.f.e.e.r.impl.RepositorioDocumentoImpl  : Saliendo del metodo obtenerTodosLosDocumentos
2018-04-04 14:17:08.117  INFO 760 --- [main] e.f.eadmin.eadmin.EadminApplication      : Fin Run
